[INFO] Scanning for projects...
[WARNING] 
[WARNING] Some problems were encountered while building the effective model for lv.k2304a:test-mvn-app:war:1.0-SNAPSHOT
[WARNING] 'dependencies.dependency.(groupId:artifactId:type:classifier)' must be unique: org.springframework:spring-context-support:jar -> duplicate declaration of version ${spring.version} @ line 68, column 21
[WARNING] 'dependencies.dependency.(groupId:artifactId:type:classifier)' must be unique: org.springframework:spring-context:jar -> duplicate declaration of version ${spring.version} @ line 73, column 21
[WARNING] 'build.plugins.plugin.version' for org.apache.maven.plugins:maven-compiler-plugin is missing. @ line 133, column 21
[WARNING] 
[WARNING] It is highly recommended to fix these problems because they threaten the stability of your build.
[WARNING] 
[WARNING] For this reason, future Maven versions might no longer support building such malformed projects.
[WARNING] 
[INFO]                                                                         
[INFO] ------------------------------------------------------------------------
[INFO] Building test-mvn-app 1.0-SNAPSHOT
[INFO] ------------------------------------------------------------------------
[INFO] 
[INFO] --- maven-clean-plugin:2.5:clean (default-clean) @ test-mvn-app ---
[INFO] Deleting c:\JavaProject\test-app\target
[INFO] 
[INFO] --- maven-resources-plugin:2.6:resources (default-resources) @ test-mvn-app ---
[INFO] Using 'UTF-8' encoding to copy filtered resources.
[INFO] Copying 1 resource
[INFO] 
[INFO] --- maven-compiler-plugin:2.5.1:compile (default-compile) @ test-mvn-app ---
[INFO] Compiling 8 source files to c:\JavaProject\test-app\target\classes
[INFO] 
[INFO] --- maven-resources-plugin:2.6:testResources (default-testResources) @ test-mvn-app ---
[INFO] Using 'UTF-8' encoding to copy filtered resources.
[INFO] skip non existing resourceDirectory c:\JavaProject\test-app\src\test\resources
[INFO] 
[INFO] --- maven-compiler-plugin:2.5.1:testCompile (default-testCompile) @ test-mvn-app ---
[INFO] Nothing to compile - all classes are up to date
[INFO] 
[INFO] --- maven-surefire-plugin:2.12.4:test (default-test) @ test-mvn-app ---
[INFO] No tests to run.
[INFO] 
[INFO] --- maven-war-plugin:2.2:war (default-war) @ test-mvn-app ---
[INFO] Packaging webapp
[INFO] Assembling webapp [test-mvn-app] in [c:\JavaProject\test-app\target\test-mvn-app-1.0-SNAPSHOT]
[INFO] Processing war project
[INFO] Copying webapp resources [c:\JavaProject\test-app\src\main\webapp]
[INFO] Webapp assembled in [120 msecs]
[INFO] Building war: c:\JavaProject\test-app\target\test-mvn-app-1.0-SNAPSHOT.war
[INFO] WEB-INF\web.xml already added, skipping
[INFO] 
[INFO] >>> maven-jetty-plugin:6.1.10:run (default-cli) @ test-mvn-app >>>
[INFO] 
[INFO] --- maven-resources-plugin:2.6:resources (default-resources) @ test-mvn-app ---
[INFO] Using 'UTF-8' encoding to copy filtered resources.
[INFO] Copying 1 resource
[INFO] 
[INFO] --- maven-compiler-plugin:2.5.1:compile (default-compile) @ test-mvn-app ---
[INFO] Nothing to compile - all classes are up to date
[INFO] 
[INFO] --- maven-resources-plugin:2.6:testResources (default-testResources) @ test-mvn-app ---
[INFO] Using 'UTF-8' encoding to copy filtered resources.
[INFO] skip non existing resourceDirectory c:\JavaProject\test-app\src\test\resources
[INFO] 
[INFO] --- maven-compiler-plugin:2.5.1:testCompile (default-testCompile) @ test-mvn-app ---
[INFO] Nothing to compile - all classes are up to date
[INFO] 
[INFO] <<< maven-jetty-plugin:6.1.10:run (default-cli) @ test-mvn-app <<<
[INFO] 
[INFO] --- maven-jetty-plugin:6.1.10:run (default-cli) @ test-mvn-app ---
[INFO] Configuring Jetty for project: test-mvn-app
[INFO] Webapp source directory = C:\JavaProject\test-app\src\main\webapp
[INFO] web.xml file = C:\JavaProject\test-app\src\main\webapp\WEB-INF\web.xml
[INFO] Classes = C:\JavaProject\test-app\target\classes
[INFO] Logging to org.slf4j.impl.SimpleLogger(org.mortbay.log) via org.mortbay.log.Slf4jLog
[INFO] Context path = /test-mvn-app
[INFO] Tmp directory =  determined at runtime
[INFO] Web defaults = org/mortbay/jetty/webapp/webdefault.xml
[INFO] Web overrides =  none
[INFO] Webapp directory = C:\JavaProject\test-app\src\main\webapp
[INFO] Starting jetty 6.1.10 ...
[INFO] jetty-6.1.10
[INFO] No Transaction manager found - if your webapp requires one, please configure one.
[INFO] Initializing Spring root WebApplicationContext
14 окт 2014 00:27:33.151 888     [main                ] INFO  org.springframework.web.context.ContextLoader - Root WebApplicationContext: initialization started 
14 окт 2014 00:27:33.205 942     [main                ] INFO  org.springframework.web.context.support.XmlWebApplicationContext - Refreshing Root WebApplicationContext: startup date [Tue Oct 14 00:27:33 EEST 2014]; root of context hierarchy 
14 окт 2014 00:27:33.237 974     [main                ] INFO  org.springframework.beans.factory.xml.XmlBeanDefinitionReader - Loading XML bean definitions from ServletContext resource [/WEB-INF/applicationContext.xml] 
14 окт 2014 00:27:33.482 1219    [main                ] INFO  org.springframework.beans.factory.annotation.AutowiredAnnotationBeanPostProcessor - JSR-330 'javax.inject.Inject' annotation found and supported for autowiring 
14 окт 2014 00:27:33.535 1272    [main                ] INFO  org.springframework.beans.factory.support.DefaultListableBeanFactory - Pre-instantiating singletons in org.springframework.beans.factory.support.DefaultListableBeanFactory@47f0075f: defining beans [org.springframework.context.annotation.internalConfigurationAnnotationProcessor,org.springframework.context.annotation.internalAutowiredAnnotationProcessor,org.springframework.context.annotation.internalRequiredAnnotationProcessor,org.springframework.context.annotation.internalCommonAnnotationProcessor,blogsController,frontPageController,loginController,userController,blogsService,userService,org.springframework.aop.config.internalAutoProxyCreator,org.springframework.context.annotation.ConfigurationClassPostProcessor.importAwareProcessor]; root of factory hierarchy 
14 окт 2014 00:27:33.567 1304    [main                ] INFO  org.springframework.web.context.ContextLoader - Root WebApplicationContext: initialization completed in 413 ms 
[INFO] Initializing Spring FrameworkServlet 'dispatcher'
14 окт 2014 00:27:33.597 1334    [main                ] INFO  org.springframework.web.servlet.DispatcherServlet - FrameworkServlet 'dispatcher': initialization started 
14 окт 2014 00:27:33.600 1337    [main                ] INFO  org.springframework.web.context.support.XmlWebApplicationContext - Refreshing WebApplicationContext for namespace 'dispatcher-servlet': startup date [Tue Oct 14 00:27:33 EEST 2014]; parent: Root WebApplicationContext 
14 окт 2014 00:27:33.601 1338    [main                ] INFO  org.springframework.beans.factory.xml.XmlBeanDefinitionReader - Loading XML bean definitions from ServletContext resource [/WEB-INF/dispatcher-servlet.xml] 
14 окт 2014 00:27:33.683 1420    [main                ] INFO  org.springframework.beans.factory.annotation.AutowiredAnnotationBeanPostProcessor - JSR-330 'javax.inject.Inject' annotation found and supported for autowiring 
14 окт 2014 00:27:33.686 1423    [main                ] INFO  org.springframework.beans.factory.support.DefaultListableBeanFactory - Pre-instantiating singletons in org.springframework.beans.factory.support.DefaultListableBeanFactory@1eaa58ff: defining beans [blogsController,frontPageController,loginController,userController,org.springframework.context.annotation.internalConfigurationAnnotationProcessor,org.springframework.context.annotation.internalAutowiredAnnotationProcessor,org.springframework.context.annotation.internalRequiredAnnotationProcessor,org.springframework.context.annotation.internalCommonAnnotationProcessor,mvcContentNegotiationManager,org.springframework.web.servlet.mvc.method.annotation.RequestMappingHandlerMapping#0,org.springframework.format.support.FormattingConversionServiceFactoryBean#0,org.springframework.web.servlet.mvc.method.annotation.RequestMappingHandlerAdapter#0,org.springframework.web.servlet.handler.MappedInterceptor#0,org.springframework.web.servlet.mvc.method.annotation.ExceptionHandlerExceptionResolver#0,org.springframework.web.servlet.mvc.annotation.ResponseStatusExceptionResolver#0,org.springframework.web.servlet.mvc.support.DefaultHandlerExceptionResolver#0,org.springframework.web.servlet.handler.BeanNameUrlHandlerMapping,org.springframework.web.servlet.mvc.HttpRequestHandlerAdapter,org.springframework.web.servlet.mvc.SimpleControllerHandlerAdapter,org.springframework.web.servlet.resource.ResourceHttpRequestHandler#0,org.springframework.web.servlet.handler.SimpleUrlHandlerMapping#0,org.springframework.web.servlet.view.InternalResourceViewResolver#0,org.springframework.context.annotation.ConfigurationClassPostProcessor.importAwareProcessor]; parent: org.springframework.beans.factory.support.DefaultListableBeanFactory@47f0075f 
14 окт 2014 00:27:33.745 1482    [main                ] INFO  org.springframework.web.servlet.mvc.method.annotation.RequestMappingHandlerMapping - Mapped "{[/user/{userId}/blogs/{blogId}],methods=[],params=[],headers=[],consumes=[],produces=[],custom=[]}" onto public java.lang.String lv.k2611a.testapp.controllers.BlogsController.getMainPage(org.springframework.ui.Model,java.lang.Long,java.lang.Integer) 
14 окт 2014 00:27:33.746 1483    [main                ] INFO  org.springframework.web.servlet.mvc.method.annotation.RequestMappingHandlerMapping - Mapped "{[//{userId}],methods=[GET],params=[],headers=[],consumes=[],produces=[],custom=[]}" onto public java.lang.String lv.k2611a.testapp.controllers.FrontPageController.getMainPage(org.springframework.ui.Model,java.lang.Long) 
14 окт 2014 00:27:33.746 1483    [main                ] INFO  org.springframework.web.servlet.mvc.method.annotation.RequestMappingHandlerMapping - Mapped "{[/login],methods=[GET],params=[],headers=[],consumes=[],produces=[],custom=[]}" onto public java.lang.String lv.k2611a.testapp.controllers.LoginController.getMainPage(org.springframework.ui.Model) 
14 окт 2014 00:27:33.746 1483    [main                ] INFO  org.springframework.web.servlet.mvc.method.annotation.RequestMappingHandlerMapping - Mapped "{[/user/{userId}],methods=[],params=[],headers=[],consumes=[],produces=[],custom=[]}" onto public java.lang.String lv.k2611a.testapp.controllers.UserController.getMainPage(org.springframework.ui.Model,java.lang.Long) 
14 окт 2014 00:27:33.942 1679    [main                ] INFO  org.springframework.web.servlet.handler.SimpleUrlHandlerMapping - Mapped URL path [/resources/**] onto handler 'org.springframework.web.servlet.resource.ResourceHttpRequestHandler#0' 
14 окт 2014 00:27:33.970 1707    [main                ] INFO  org.springframework.web.servlet.DispatcherServlet - FrameworkServlet 'dispatcher': initialization completed in 372 ms 
[INFO] Started SelectChannelConnector@0.0.0.0:9090
[INFO] Started Jetty Server
[INFO] Starting scanner at interval of 10 seconds.
{1=lv.k2611a.testapp.domain.User@4c6fe47, 2=lv.k2611a.testapp.domain.User@245fe9c4, 3=lv.k2611a.testapp.domain.User@14ec5584, 4=lv.k2611a.testapp.domain.User@27e257d7}
lv.k2611a.testapp.domain.User@27e257d7
{1=lv.k2611a.testapp.domain.User@4c6fe47, 2=lv.k2611a.testapp.domain.User@245fe9c4, 3=lv.k2611a.testapp.domain.User@14ec5584, 4=lv.k2611a.testapp.domain.User@27e257d7}
lv.k2611a.testapp.domain.User@4c6fe47
[INFO] Shutdown hook executing
